[05/09 11:36:42] display all the hyper-parameters in args:
[05/09 11:36:42] opt: sgd
[05/09 11:36:42] lr: 0.1
[05/09 11:36:42] gamma: 0.1
[05/09 11:36:42] epoch: 400
[05/09 11:36:42] stage: 3
[05/09 11:36:42] weight_decay: 0.0005
[05/09 11:36:42] gpu: 0
[05/09 11:36:42] seed: 42
[05/09 11:36:42] val_epoch: 20
[05/09 11:36:42] resnet: True
[05/09 11:36:42] nesterov: True
[05/09 11:36:42] pre: True
[05/09 11:36:42] no_val: False
[05/09 11:36:42] train_way: 15
[05/09 11:36:42] test_way: 5
[05/09 11:36:42] train_shot: 5
[05/09 11:36:42] test_shot: [1, 5]
[05/09 11:36:42] train_query_shot: 15
[05/09 11:36:42] test_query_shot: 16
[05/09 11:36:42] train_transform_type: 0
[05/09 11:36:42] val_trial: 1000
[05/09 11:36:42] detailed_name: False
[05/09 11:36:42] ------------------------
[05/09 11:36:44] start training!
[05/09 11:43:08] 
[05/09 11:43:08] epoch 20/1200, iter 460:
[05/09 11:43:08] train_acc: 49.043
[05/09 11:44:40] val_5-way-5-shot_acc: 75.960	0.558
[05/09 11:44:40] BEST!
[05/09 11:51:07] 
[05/09 11:51:07] epoch 40/1200, iter 920:
[05/09 11:51:07] train_acc: 61.275
[05/09 11:52:38] val_5-way-5-shot_acc: 83.088	0.499
[05/09 11:52:39] BEST!
[05/09 11:59:05] 
[05/09 11:59:05] epoch 60/1200, iter 1380:
[05/09 11:59:05] train_acc: 65.739
[05/10 12:00:37] val_5-way-5-shot_acc: 86.050	0.461
[05/10 12:00:37] BEST!
[05/10 12:07:04] 
[05/10 12:07:04] epoch 80/1200, iter 1840:
[05/10 12:07:04] train_acc: 69.217
[05/10 12:08:35] val_5-way-5-shot_acc: 85.609	0.438
[05/10 12:15:03] 
[05/10 12:15:03] epoch 100/1200, iter 2300:
[05/10 12:15:03] train_acc: 71.266
[05/10 12:16:34] val_5-way-5-shot_acc: 86.531	0.435
[05/10 12:16:35] BEST!
[05/10 12:23:02] 
[05/10 12:23:02] epoch 120/1200, iter 2760:
[05/10 12:23:02] train_acc: 73.874
[05/10 12:24:34] val_5-way-5-shot_acc: 87.853	0.395
[05/10 12:24:34] BEST!
[05/10 12:31:01] 
[05/10 12:31:01] epoch 140/1200, iter 3220:
[05/10 12:31:01] train_acc: 74.068
[05/10 12:32:33] val_5-way-5-shot_acc: 87.528	0.415
[05/10 12:38:59] 
[05/10 12:38:59] epoch 160/1200, iter 3680:
[05/10 12:38:59] train_acc: 75.556
[05/10 12:40:31] val_5-way-5-shot_acc: 88.435	0.413
[05/10 12:40:31] BEST!
[05/10 12:46:58] 
[05/10 12:46:58] epoch 180/1200, iter 4140:
[05/10 12:46:58] train_acc: 74.918
[05/10 12:48:29] val_5-way-5-shot_acc: 88.046	0.411
[05/10 12:54:54] 
[05/10 12:54:54] epoch 200/1200, iter 4600:
[05/10 12:54:54] train_acc: 76.464
[05/10 12:56:25] val_5-way-5-shot_acc: 88.990	0.402
[05/10 12:56:25] BEST!
[05/10 01:02:50] 
[05/10 01:02:50] epoch 220/1200, iter 5060:
[05/10 01:02:50] train_acc: 76.850
[05/10 01:04:21] val_5-way-5-shot_acc: 89.171	0.399
[05/10 01:04:21] BEST!
[05/10 01:10:46] 
[05/10 01:10:46] epoch 240/1200, iter 5520:
[05/10 01:10:46] train_acc: 77.333
[05/10 01:12:17] val_5-way-5-shot_acc: 88.200	0.406
[05/10 01:18:43] 
[05/10 01:18:43] epoch 260/1200, iter 5980:
[05/10 01:18:43] train_acc: 78.048
[05/10 01:20:14] val_5-way-5-shot_acc: 87.103	0.433
[05/10 01:26:40] 
[05/10 01:26:40] epoch 280/1200, iter 6440:
[05/10 01:26:40] train_acc: 78.126
[05/10 01:28:11] val_5-way-5-shot_acc: 88.180	0.410
[05/10 01:34:37] 
[05/10 01:34:37] epoch 300/1200, iter 6900:
[05/10 01:34:37] train_acc: 80.213
[05/10 01:36:08] val_5-way-5-shot_acc: 90.055	0.372
[05/10 01:36:09] BEST!
[05/10 01:42:34] 
[05/10 01:42:34] epoch 320/1200, iter 7360:
[05/10 01:42:34] train_acc: 80.193
[05/10 01:44:05] val_5-way-5-shot_acc: 89.696	0.364
[05/10 01:50:31] 
[05/10 01:50:31] epoch 340/1200, iter 7820:
[05/10 01:50:31] train_acc: 78.609
[05/10 01:52:02] val_5-way-5-shot_acc: 89.106	0.365
[05/10 01:58:27] 
[05/10 01:58:27] epoch 360/1200, iter 8280:
[05/10 01:58:27] train_acc: 79.401
[05/10 01:59:57] val_5-way-5-shot_acc: 87.998	0.395
[05/10 02:06:22] 
[05/10 02:06:22] epoch 380/1200, iter 8740:
[05/10 02:06:22] train_acc: 79.671
[05/10 02:07:53] val_5-way-5-shot_acc: 88.310	0.395
[05/10 02:14:18] 
[05/10 02:14:18] epoch 400/1200, iter 9200:
[05/10 02:14:18] train_acc: 79.865
[05/10 02:15:50] val_5-way-5-shot_acc: 88.689	0.399
[05/10 02:22:15] 
[05/10 02:22:15] epoch 420/1200, iter 9660:
[05/10 02:22:15] train_acc: 88.135
[05/10 02:23:47] val_5-way-5-shot_acc: 91.859	0.327
[05/10 02:23:47] BEST!
[05/10 02:30:12] 
[05/10 02:30:12] epoch 440/1200, iter 10120:
[05/10 02:30:12] train_acc: 89.275
[05/10 02:31:44] val_5-way-5-shot_acc: 92.135	0.324
[05/10 02:31:44] BEST!
[05/10 02:38:09] 
[05/10 02:38:09] epoch 460/1200, iter 10580:
[05/10 02:38:09] train_acc: 89.179
[05/10 02:39:40] val_5-way-5-shot_acc: 92.090	0.330
[05/10 02:46:05] 
[05/10 02:46:05] epoch 480/1200, iter 11040:
[05/10 02:46:05] train_acc: 89.527
[05/10 02:47:36] val_5-way-5-shot_acc: 91.996	0.327
[05/10 02:54:00] 
[05/10 02:54:00] epoch 500/1200, iter 11500:
[05/10 02:54:00] train_acc: 90.957
[05/10 02:55:31] val_5-way-5-shot_acc: 92.099	0.313
[05/10 03:01:56] 
[05/10 03:01:56] epoch 520/1200, iter 11960:
[05/10 03:01:56] train_acc: 90.357
[05/10 03:03:27] val_5-way-5-shot_acc: 91.381	0.347
[05/10 03:09:51] 
[05/10 03:09:51] epoch 540/1200, iter 12420:
[05/10 03:09:51] train_acc: 90.551
[05/10 03:11:21] val_5-way-5-shot_acc: 91.949	0.336
[05/10 03:17:45] 
[05/10 03:17:45] epoch 560/1200, iter 12880:
[05/10 03:17:45] train_acc: 90.454
[05/10 03:19:16] val_5-way-5-shot_acc: 91.976	0.329
[05/10 03:25:40] 
[05/10 03:25:40] epoch 580/1200, iter 13340:
[05/10 03:25:40] train_acc: 90.937
[05/10 03:27:10] val_5-way-5-shot_acc: 91.953	0.345
[05/10 03:33:36] 
[05/10 03:33:36] epoch 600/1200, iter 13800:
[05/10 03:33:36] train_acc: 91.072
[05/10 03:35:07] val_5-way-5-shot_acc: 91.672	0.325
[05/10 03:41:31] 
[05/10 03:41:31] epoch 620/1200, iter 14260:
[05/10 03:41:31] train_acc: 91.903
[05/10 03:43:02] val_5-way-5-shot_acc: 91.882	0.338
[05/10 03:49:27] 
[05/10 03:49:27] epoch 640/1200, iter 14720:
[05/10 03:49:27] train_acc: 92.213
[05/10 03:50:58] val_5-way-5-shot_acc: 91.888	0.326
[05/10 03:57:24] 
[05/10 03:57:24] epoch 660/1200, iter 15180:
[05/10 03:57:24] train_acc: 91.420
[05/10 03:58:55] val_5-way-5-shot_acc: 91.588	0.335
[05/10 04:05:19] 
[05/10 04:05:19] epoch 680/1200, iter 15640:
[05/10 04:05:19] train_acc: 92.309
[05/10 04:06:50] val_5-way-5-shot_acc: 91.580	0.337
[05/10 04:13:15] 
[05/10 04:13:15] epoch 700/1200, iter 16100:
[05/10 04:13:15] train_acc: 91.691
[05/10 04:14:46] val_5-way-5-shot_acc: 91.466	0.336
[05/10 04:21:11] 
[05/10 04:21:11] epoch 720/1200, iter 16560:
[05/10 04:21:11] train_acc: 92.580
[05/10 04:22:42] val_5-way-5-shot_acc: 91.656	0.321
[05/10 04:29:07] 
[05/10 04:29:07] epoch 740/1200, iter 17020:
[05/10 04:29:07] train_acc: 92.329
[05/10 04:30:38] val_5-way-5-shot_acc: 91.679	0.342
[05/10 04:37:03] 
[05/10 04:37:03] epoch 760/1200, iter 17480:
[05/10 04:37:03] train_acc: 93.063
[05/10 04:38:34] val_5-way-5-shot_acc: 91.425	0.339
[05/10 04:44:59] 
[05/10 04:44:59] epoch 780/1200, iter 17940:
[05/10 04:44:59] train_acc: 92.657
[05/10 04:46:31] val_5-way-5-shot_acc: 91.349	0.340
[05/10 04:52:57] 
[05/10 04:52:57] epoch 800/1200, iter 18400:
[05/10 04:52:57] train_acc: 92.367
[05/10 04:54:28] val_5-way-5-shot_acc: 90.981	0.344
[05/10 05:00:53] 
[05/10 05:00:53] epoch 820/1200, iter 18860:
[05/10 05:00:53] train_acc: 94.879
[05/10 05:02:24] val_5-way-5-shot_acc: 91.900	0.324
[05/10 05:08:50] 
[05/10 05:08:50] epoch 840/1200, iter 19320:
[05/10 05:08:50] train_acc: 94.995
[05/10 05:10:21] val_5-way-5-shot_acc: 91.987	0.334
[05/10 05:16:46] 
[05/10 05:16:46] epoch 860/1200, iter 19780:
[05/10 05:16:46] train_acc: 94.319
[05/10 05:18:17] val_5-way-5-shot_acc: 92.257	0.318
[05/10 05:18:18] BEST!
[05/10 05:24:43] 
[05/10 05:24:43] epoch 880/1200, iter 20240:
[05/10 05:24:43] train_acc: 95.285
[05/10 05:26:14] val_5-way-5-shot_acc: 92.041	0.321
[05/10 05:32:40] 
[05/10 05:32:40] epoch 900/1200, iter 20700:
[05/10 05:32:40] train_acc: 95.208
[05/10 05:34:11] val_5-way-5-shot_acc: 91.585	0.346
[05/10 05:40:36] 
[05/10 05:40:36] epoch 920/1200, iter 21160:
[05/10 05:40:36] train_acc: 95.111
[05/10 05:42:07] val_5-way-5-shot_acc: 91.906	0.355
[05/10 05:48:31] 
[05/10 05:48:31] epoch 940/1200, iter 21620:
[05/10 05:48:31] train_acc: 95.208
[05/10 05:50:02] val_5-way-5-shot_acc: 91.841	0.332
[05/10 05:56:26] 
[05/10 05:56:26] epoch 960/1200, iter 22080:
[05/10 05:56:26] train_acc: 95.478
[05/10 05:57:58] val_5-way-5-shot_acc: 91.836	0.334
[05/10 06:04:22] 
[05/10 06:04:22] epoch 980/1200, iter 22540:
[05/10 06:04:22] train_acc: 95.266
[05/10 06:05:54] val_5-way-5-shot_acc: 91.710	0.350
[05/10 06:12:19] 
[05/10 06:12:19] epoch 1000/1200, iter 23000:
[05/10 06:12:19] train_acc: 95.865
[05/10 06:13:50] val_5-way-5-shot_acc: 91.578	0.348
[05/10 06:20:14] 
[05/10 06:20:14] epoch 1020/1200, iter 23460:
[05/10 06:20:14] train_acc: 95.536
[05/10 06:21:45] val_5-way-5-shot_acc: 91.927	0.326
[05/10 06:28:10] 
[05/10 06:28:10] epoch 1040/1200, iter 23920:
[05/10 06:28:10] train_acc: 94.860
[05/10 06:29:41] val_5-way-5-shot_acc: 91.754	0.341
[05/10 06:36:05] 
[05/10 06:36:05] epoch 1060/1200, iter 24380:
[05/10 06:36:05] train_acc: 95.536
[05/10 06:37:37] val_5-way-5-shot_acc: 91.494	0.337
[05/10 06:44:01] 
[05/10 06:44:01] epoch 1080/1200, iter 24840:
[05/10 06:44:01] train_acc: 96.058
[05/10 06:45:32] val_5-way-5-shot_acc: 91.571	0.345
[05/10 06:51:56] 
[05/10 06:51:56] epoch 1100/1200, iter 25300:
[05/10 06:51:56] train_acc: 95.903
[05/10 06:53:27] val_5-way-5-shot_acc: 91.567	0.329
[05/10 06:59:52] 
[05/10 06:59:52] epoch 1120/1200, iter 25760:
[05/10 06:59:52] train_acc: 96.155
[05/10 07:01:24] val_5-way-5-shot_acc: 91.311	0.370
[05/10 07:07:49] 
[05/10 07:07:49] epoch 1140/1200, iter 26220:
[05/10 07:07:49] train_acc: 95.536
[05/10 07:09:20] val_5-way-5-shot_acc: 91.554	0.334
[05/10 07:15:45] 
[05/10 07:15:45] epoch 1160/1200, iter 26680:
[05/10 07:15:45] train_acc: 95.266
[05/10 07:17:17] val_5-way-5-shot_acc: 91.606	0.340
[05/10 07:23:41] 
[05/10 07:23:41] epoch 1180/1200, iter 27140:
[05/10 07:23:41] train_acc: 95.729
[05/10 07:25:12] val_5-way-5-shot_acc: 91.206	0.347
[05/10 07:31:35] 
[05/10 07:31:35] epoch 1200/1200, iter 27600:
[05/10 07:31:35] train_acc: 95.961
[05/10 07:33:07] val_5-way-5-shot_acc: 91.310	0.358
[05/10 07:33:07] training finished!
[05/10 07:33:07] ------------------------
[05/10 07:33:07] the best epoch is 860/1200
[05/10 07:33:07] the best 5-way 5-shot val acc is 92.257
[05/10 07:33:07] ------------------------
[05/10 07:33:07] evaluating on test set:
[05/10 07:45:17] 5-way-1-shot acc: 85.44	0.18
[05/10 08:00:25] 5-way-5-shot acc: 94.73	0.09
