[05/09 04:41:20] display all the hyper-parameters in args:
[05/09 04:41:20] opt: sgd
[05/09 04:41:20] lr: 0.1
[05/09 04:41:20] gamma: 0.1
[05/09 04:41:20] epoch: 400
[05/09 04:41:20] stage: 3
[05/09 04:41:20] weight_decay: 0.0005
[05/09 04:41:20] gpu: 3
[05/09 04:41:20] seed: 42
[05/09 04:41:20] val_epoch: 20
[05/09 04:41:20] resnet: False
[05/09 04:41:20] nesterov: True
[05/09 04:41:20] pre: True
[05/09 04:41:20] no_val: False
[05/09 04:41:20] train_way: 30
[05/09 04:41:20] test_way: 5
[05/09 04:41:20] train_shot: 5
[05/09 04:41:20] test_shot: [1, 5]
[05/09 04:41:20] train_query_shot: 15
[05/09 04:41:20] test_query_shot: 16
[05/09 04:41:20] train_transform_type: 0
[05/09 04:41:20] val_trial: 1000
[05/09 04:41:20] detailed_name: False
[05/09 04:41:20] ------------------------
[05/09 04:41:22] start training!
[05/09 04:44:54] 
[05/09 04:44:54] epoch 20/1200, iter 220:
[05/09 04:44:54] train_acc: 27.515
[05/09 04:45:24] val_5-way-5-shot_acc: 66.407	0.616
[05/09 04:45:24] BEST!
[05/09 04:48:57] 
[05/09 04:48:57] epoch 40/1200, iter 440:
[05/09 04:48:57] train_acc: 38.808
[05/09 04:49:27] val_5-way-5-shot_acc: 77.065	0.512
[05/09 04:49:27] BEST!
[05/09 04:53:00] 
[05/09 04:53:00] epoch 60/1200, iter 660:
[05/09 04:53:00] train_acc: 44.364
[05/09 04:53:31] val_5-way-5-shot_acc: 80.153	0.494
[05/09 04:53:31] BEST!
[05/09 04:57:03] 
[05/09 04:57:03] epoch 80/1200, iter 880:
[05/09 04:57:03] train_acc: 46.202
[05/09 04:57:33] val_5-way-5-shot_acc: 83.066	0.480
[05/09 04:57:33] BEST!
[05/09 05:01:08] 
[05/09 05:01:08] epoch 100/1200, iter 1100:
[05/09 05:01:08] train_acc: 50.343
[05/09 05:01:38] val_5-way-5-shot_acc: 82.525	0.479
[05/09 05:05:11] 
[05/09 05:05:11] epoch 120/1200, iter 1320:
[05/09 05:05:11] train_acc: 51.374
[05/09 05:05:41] val_5-way-5-shot_acc: 84.749	0.445
[05/09 05:05:41] BEST!
[05/09 05:09:15] 
[05/09 05:09:15] epoch 140/1200, iter 1540:
[05/09 05:09:15] train_acc: 53.333
[05/09 05:09:46] val_5-way-5-shot_acc: 84.834	0.432
[05/09 05:09:46] BEST!
[05/09 05:13:19] 
[05/09 05:13:19] epoch 160/1200, iter 1760:
[05/09 05:13:19] train_acc: 53.273
[05/09 05:13:49] val_5-way-5-shot_acc: 85.418	0.420
[05/09 05:13:49] BEST!
[05/09 05:17:22] 
[05/09 05:17:22] epoch 180/1200, iter 1980:
[05/09 05:17:22] train_acc: 54.162
[05/09 05:17:53] val_5-way-5-shot_acc: 84.844	0.444
[05/09 05:21:26] 
[05/09 05:21:26] epoch 200/1200, iter 2200:
[05/09 05:21:26] train_acc: 55.354
[05/09 05:21:57] val_5-way-5-shot_acc: 84.889	0.453
[05/09 05:25:29] 
[05/09 05:25:29] epoch 220/1200, iter 2420:
[05/09 05:25:29] train_acc: 56.242
[05/09 05:26:00] val_5-way-5-shot_acc: 84.745	0.428
[05/09 05:29:33] 
[05/09 05:29:33] epoch 240/1200, iter 2640:
[05/09 05:29:33] train_acc: 57.212
[05/09 05:30:04] val_5-way-5-shot_acc: 85.877	0.406
[05/09 05:30:04] BEST!
[05/09 05:33:38] 
[05/09 05:33:38] epoch 260/1200, iter 2860:
[05/09 05:33:38] train_acc: 56.626
[05/09 05:34:09] val_5-way-5-shot_acc: 86.049	0.428
[05/09 05:34:09] BEST!
[05/09 05:37:43] 
[05/09 05:37:43] epoch 280/1200, iter 3080:
[05/09 05:37:43] train_acc: 57.636
[05/09 05:38:14] val_5-way-5-shot_acc: 86.257	0.431
[05/09 05:38:14] BEST!
[05/09 05:41:49] 
[05/09 05:41:49] epoch 300/1200, iter 3300:
[05/09 05:41:49] train_acc: 58.424
[05/09 05:42:19] val_5-way-5-shot_acc: 86.882	0.439
[05/09 05:42:19] BEST!
[05/09 05:45:54] 
[05/09 05:45:54] epoch 320/1200, iter 3520:
[05/09 05:45:54] train_acc: 59.717
[05/09 05:46:25] val_5-way-5-shot_acc: 86.812	0.436
[05/09 05:49:58] 
[05/09 05:49:58] epoch 340/1200, iter 3740:
[05/09 05:49:58] train_acc: 59.111
[05/09 05:50:28] val_5-way-5-shot_acc: 86.410	0.434
[05/09 05:54:02] 
[05/09 05:54:02] epoch 360/1200, iter 3960:
[05/09 05:54:02] train_acc: 60.465
[05/09 05:54:33] val_5-way-5-shot_acc: 86.772	0.414
[05/09 05:58:08] 
[05/09 05:58:08] epoch 380/1200, iter 4180:
[05/09 05:58:08] train_acc: 58.162
[05/09 05:58:38] val_5-way-5-shot_acc: 86.504	0.423
[05/09 06:02:11] 
[05/09 06:02:11] epoch 400/1200, iter 4400:
[05/09 06:02:11] train_acc: 61.818
[05/09 06:02:42] val_5-way-5-shot_acc: 87.275	0.429
[05/09 06:02:42] BEST!
[05/09 06:06:15] 
[05/09 06:06:15] epoch 420/1200, iter 4620:
[05/09 06:06:15] train_acc: 66.990
[05/09 06:06:46] val_5-way-5-shot_acc: 89.051	0.358
[05/09 06:06:46] BEST!
[05/09 06:10:19] 
[05/09 06:10:19] epoch 440/1200, iter 4840:
[05/09 06:10:19] train_acc: 67.576
[05/09 06:10:49] val_5-way-5-shot_acc: 89.449	0.362
[05/09 06:10:49] BEST!
[05/09 06:14:25] 
[05/09 06:14:25] epoch 460/1200, iter 5060:
[05/09 06:14:25] train_acc: 66.808
[05/09 06:14:55] val_5-way-5-shot_acc: 88.970	0.359
[05/09 06:18:29] 
[05/09 06:18:29] epoch 480/1200, iter 5280:
[05/09 06:18:29] train_acc: 67.131
[05/09 06:19:00] val_5-way-5-shot_acc: 89.264	0.343
[05/09 06:22:32] 
[05/09 06:22:32] epoch 500/1200, iter 5500:
[05/09 06:22:32] train_acc: 67.657
[05/09 06:23:03] val_5-way-5-shot_acc: 89.406	0.371
[05/09 06:26:36] 
[05/09 06:26:36] epoch 520/1200, iter 5720:
[05/09 06:26:36] train_acc: 67.879
[05/09 06:27:07] val_5-way-5-shot_acc: 88.995	0.361
[05/09 06:30:40] 
[05/09 06:30:40] epoch 540/1200, iter 5940:
[05/09 06:30:40] train_acc: 66.727
[05/09 06:31:10] val_5-way-5-shot_acc: 88.854	0.364
[05/09 06:34:44] 
[05/09 06:34:44] epoch 560/1200, iter 6160:
[05/09 06:34:44] train_acc: 69.455
[05/09 06:35:14] val_5-way-5-shot_acc: 89.112	0.367
[05/09 06:38:47] 
[05/09 06:38:47] epoch 580/1200, iter 6380:
[05/09 06:38:47] train_acc: 68.525
[05/09 06:39:18] val_5-way-5-shot_acc: 89.498	0.370
[05/09 06:39:18] BEST!
[05/09 06:42:51] 
[05/09 06:42:51] epoch 600/1200, iter 6600:
[05/09 06:42:51] train_acc: 68.707
[05/09 06:43:22] val_5-way-5-shot_acc: 89.414	0.374
[05/09 06:46:54] 
[05/09 06:46:54] epoch 620/1200, iter 6820:
[05/09 06:46:54] train_acc: 67.879
[05/09 06:47:24] val_5-way-5-shot_acc: 89.329	0.361
[05/09 06:50:59] 
[05/09 06:50:59] epoch 640/1200, iter 7040:
[05/09 06:50:59] train_acc: 69.737
[05/09 06:51:30] val_5-way-5-shot_acc: 89.291	0.367
[05/09 06:55:04] 
[05/09 06:55:04] epoch 660/1200, iter 7260:
[05/09 06:55:04] train_acc: 68.465
[05/09 06:55:34] val_5-way-5-shot_acc: 89.278	0.352
[05/09 06:59:09] 
[05/09 06:59:09] epoch 680/1200, iter 7480:
[05/09 06:59:09] train_acc: 68.990
[05/09 06:59:39] val_5-way-5-shot_acc: 89.543	0.369
[05/09 06:59:39] BEST!
[05/09 07:03:13] 
[05/09 07:03:13] epoch 700/1200, iter 7700:
[05/09 07:03:13] train_acc: 67.414
[05/09 07:03:44] val_5-way-5-shot_acc: 89.464	0.341
[05/09 07:07:17] 
[05/09 07:07:17] epoch 720/1200, iter 7920:
[05/09 07:07:17] train_acc: 68.848
[05/09 07:07:48] val_5-way-5-shot_acc: 89.631	0.346
[05/09 07:07:48] BEST!
[05/09 07:11:21] 
[05/09 07:11:21] epoch 740/1200, iter 8140:
[05/09 07:11:21] train_acc: 69.333
[05/09 07:11:51] val_5-way-5-shot_acc: 89.426	0.363
[05/09 07:15:24] 
[05/09 07:15:24] epoch 760/1200, iter 8360:
[05/09 07:15:24] train_acc: 68.283
[05/09 07:15:55] val_5-way-5-shot_acc: 89.377	0.361
[05/09 07:19:29] 
[05/09 07:19:29] epoch 780/1200, iter 8580:
[05/09 07:19:29] train_acc: 70.687
[05/09 07:20:00] val_5-way-5-shot_acc: 89.483	0.356
[05/09 07:23:34] 
[05/09 07:23:34] epoch 800/1200, iter 8800:
[05/09 07:23:34] train_acc: 70.040
[05/09 07:24:05] val_5-way-5-shot_acc: 89.270	0.373
[05/09 07:27:39] 
[05/09 07:27:39] epoch 820/1200, iter 9020:
[05/09 07:27:39] train_acc: 69.960
[05/09 07:28:10] val_5-way-5-shot_acc: 89.770	0.355
[05/09 07:28:10] BEST!
[05/09 07:31:43] 
[05/09 07:31:43] epoch 840/1200, iter 9240:
[05/09 07:31:43] train_acc: 70.606
[05/09 07:32:14] val_5-way-5-shot_acc: 89.108	0.372
[05/09 07:35:47] 
[05/09 07:35:47] epoch 860/1200, iter 9460:
[05/09 07:35:47] train_acc: 70.141
[05/09 07:36:17] val_5-way-5-shot_acc: 89.735	0.337
[05/09 07:39:49] 
[05/09 07:39:49] epoch 880/1200, iter 9680:
[05/09 07:39:49] train_acc: 71.071
[05/09 07:40:20] val_5-way-5-shot_acc: 89.435	0.364
[05/09 07:43:52] 
[05/09 07:43:52] epoch 900/1200, iter 9900:
[05/09 07:43:52] train_acc: 70.263
[05/09 07:44:22] val_5-way-5-shot_acc: 89.438	0.352
[05/09 07:47:55] 
[05/09 07:47:55] epoch 920/1200, iter 10120:
[05/09 07:47:55] train_acc: 72.788
[05/09 07:48:26] val_5-way-5-shot_acc: 89.525	0.359
[05/09 07:51:58] 
[05/09 07:51:58] epoch 940/1200, iter 10340:
[05/09 07:51:58] train_acc: 69.737
[05/09 07:52:29] val_5-way-5-shot_acc: 89.407	0.377
[05/09 07:56:02] 
[05/09 07:56:02] epoch 960/1200, iter 10560:
[05/09 07:56:02] train_acc: 69.960
[05/09 07:56:32] val_5-way-5-shot_acc: 89.487	0.362
[05/09 08:00:06] 
[05/09 08:00:06] epoch 980/1200, iter 10780:
[05/09 08:00:06] train_acc: 71.758
[05/09 08:00:36] val_5-way-5-shot_acc: 89.724	0.361
[05/09 08:04:08] 
[05/09 08:04:08] epoch 1000/1200, iter 11000:
[05/09 08:04:08] train_acc: 70.727
[05/09 08:04:39] val_5-way-5-shot_acc: 89.181	0.373
[05/09 08:08:12] 
[05/09 08:08:13] epoch 1020/1200, iter 11220:
[05/09 08:08:13] train_acc: 69.657
[05/09 08:08:43] val_5-way-5-shot_acc: 89.772	0.354
[05/09 08:08:43] BEST!
[05/09 08:12:16] 
[05/09 08:12:16] epoch 1040/1200, iter 11440:
[05/09 08:12:16] train_acc: 72.081
[05/09 08:12:47] val_5-way-5-shot_acc: 89.266	0.379
[05/09 08:16:20] 
[05/09 08:16:20] epoch 1060/1200, iter 11660:
[05/09 08:16:20] train_acc: 70.646
[05/09 08:16:50] val_5-way-5-shot_acc: 89.729	0.345
[05/09 08:20:24] 
[05/09 08:20:24] epoch 1080/1200, iter 11880:
[05/09 08:20:24] train_acc: 72.020
[05/09 08:20:55] val_5-way-5-shot_acc: 89.754	0.352
[05/09 08:24:27] 
[05/09 08:24:27] epoch 1100/1200, iter 12100:
[05/09 08:24:27] train_acc: 70.424
[05/09 08:24:57] val_5-way-5-shot_acc: 89.198	0.363
[05/09 08:28:30] 
[05/09 08:28:30] epoch 1120/1200, iter 12320:
[05/09 08:28:30] train_acc: 73.172
[05/09 08:29:01] val_5-way-5-shot_acc: 89.331	0.374
[05/09 08:32:33] 
[05/09 08:32:33] epoch 1140/1200, iter 12540:
[05/09 08:32:33] train_acc: 71.212
[05/09 08:33:04] val_5-way-5-shot_acc: 89.578	0.355
[05/09 08:36:37] 
[05/09 08:36:37] epoch 1160/1200, iter 12760:
[05/09 08:36:37] train_acc: 71.495
[05/09 08:37:08] val_5-way-5-shot_acc: 89.555	0.363
[05/09 08:40:43] 
[05/09 08:40:43] epoch 1180/1200, iter 12980:
[05/09 08:40:43] train_acc: 70.343
[05/09 08:41:14] val_5-way-5-shot_acc: 89.672	0.357
[05/09 08:44:48] 
[05/09 08:44:48] epoch 1200/1200, iter 13200:
[05/09 08:44:48] train_acc: 71.374
[05/09 08:45:18] val_5-way-5-shot_acc: 89.811	0.351
[05/09 08:45:18] BEST!
[05/09 08:45:18] training finished!
[05/09 08:45:18] ------------------------
[05/09 08:45:18] the best epoch is 1200/1200
[05/09 08:45:18] the best 5-way 5-shot val acc is 89.811
[05/09 08:45:18] ------------------------
[05/09 08:45:18] evaluating on test set:
[05/09 08:49:26] 5-way-1-shot acc: 79.08	0.20
[05/09 08:54:30] 5-way-5-shot acc: 92.22	0.10
